<?xml version="1.0" encoding="UTF-8"?>
<testng-results skipped="0" failed="0" ignored="0" total="2" passed="2">
  <reporter-output>
  </reporter-output>
  <suite name="nopcommercesuite" duration-ms="61902" started-at="2020-03-16T21:28:13 EDT" finished-at="2020-03-16T21:29:15 EDT">
    <groups>
    </groups>
    <test name="chrometest" duration-ms="61902" started-at="2020-03-16T21:28:13 EDT" finished-at="2020-03-16T21:29:15 EDT">
      <class name="com.nopcommerce.testCases.TC_LoginTest_001">
        <test-method status="PASS" signature="setup(java.lang.String)[pri:0, instance:com.nopcommerce.testCases.TC_LoginTest_001@4e08711f]" name="setup" is-config="true" duration-ms="11115" started-at="2020-03-16T21:28:14 EDT" finished-at="2020-03-16T21:28:25 EDT">
          <params>
            <param index="0">
              <value>
                <![CDATA[chrome]]>
              </value>
            </param>
          </params>
          <reporter-output>
          </reporter-output>
        </test-method> <!-- setup -->
        <test-method status="PASS" signature="LoginTest()[pri:0, instance:com.nopcommerce.testCases.TC_LoginTest_001@4e08711f]" name="LoginTest" duration-ms="11593" started-at="2020-03-16T21:28:25 EDT" finished-at="2020-03-16T21:28:36 EDT">
          <reporter-output>
          </reporter-output>
        </test-method> <!-- LoginTest -->
        <test-method status="PASS" signature="tearDown()[pri:0, instance:com.nopcommerce.testCases.TC_LoginTest_001@4e08711f]" name="tearDown" is-config="true" duration-ms="683" started-at="2020-03-16T21:28:36 EDT" finished-at="2020-03-16T21:28:37 EDT">
          <reporter-output>
          </reporter-output>
        </test-method> <!-- tearDown -->
      </class> <!-- com.nopcommerce.testCases.TC_LoginTest_001 -->
      <class name="com.nopcommerce.testCases.TC_AddCustomer_003">
        <test-method status="PASS" signature="setup(java.lang.String)[pri:0, instance:com.nopcommerce.testCases.TC_AddCustomer_003@bcec361]" name="setup" is-config="true" duration-ms="9710" started-at="2020-03-16T21:28:37 EDT" finished-at="2020-03-16T21:28:47 EDT">
          <params>
            <param index="0">
              <value>
                <![CDATA[chrome]]>
              </value>
            </param>
          </params>
          <reporter-output>
          </reporter-output>
        </test-method> <!-- setup -->
        <test-method status="PASS" signature="AddCustomer()[pri:0, instance:com.nopcommerce.testCases.TC_AddCustomer_003@bcec361]" name="AddCustomer" duration-ms="27937" started-at="2020-03-16T21:28:47 EDT" finished-at="2020-03-16T21:29:15 EDT">
          <reporter-output>
          </reporter-output>
        </test-method> <!-- AddCustomer -->
        <test-method status="PASS" signature="tearDown()[pri:0, instance:com.nopcommerce.testCases.TC_AddCustomer_003@bcec361]" name="tearDown" is-config="true" duration-ms="677" started-at="2020-03-16T21:29:15 EDT" finished-at="2020-03-16T21:29:15 EDT">
          <reporter-output>
          </reporter-output>
        </test-method> <!-- tearDown -->
      </class> <!-- com.nopcommerce.testCases.TC_AddCustomer_003 -->
    </test> <!-- chrometest -->
  </suite> <!-- nopcommercesuite -->
</testng-results>
