<?xml version="1.0" encoding="UTF-8"?>
<!-- Generated by org.testng.reporters.JUnitXMLReporter -->
<testsuite hostname="DESKTOP-EBENMJF" ignored="0" name="firefoxtest" tests="6" failures="0" timestamp="2020-03-11T16:50:18 EDT" time="124.889" errors="0">
  <testcase name="LoginTest" time="11.702" classname="com.nopcommerce.testCases.TC_LoginTest_001"/>
  <testcase name="LoginDDT" time="17.2" classname="com.nopcommerce.testCases.TC_LoginDDT_002"/>
  <testcase name="LoginDDT" time="11.46" classname="com.nopcommerce.testCases.TC_LoginDDT_002"/>
  <testcase name="LoginDDT" time="11.775" classname="com.nopcommerce.testCases.TC_LoginDDT_002"/>
  <testcase name="LoginDDT" time="11.372" classname="com.nopcommerce.testCases.TC_LoginDDT_002"/>
  <testcase name="AddCustomer" time="30.051" classname="com.nopcommerce.testCases.TC_AddCustomer_003"/>
</testsuite> <!-- firefoxtest -->
