<?xml version="1.0" encoding="UTF-8"?>
<!-- Generated by org.testng.reporters.JUnitXMLReporter -->
<testsuite hostname="DESKTOP-EBENMJF" ignored="0" name="ietest" tests="6" failures="0" timestamp="2020-03-11T16:52:22 EDT" time="123.756" errors="0">
  <testcase name="LoginTest" time="11.173" classname="com.nopcommerce.testCases.TC_LoginTest_001"/>
  <testcase name="LoginDDT" time="18.244" classname="com.nopcommerce.testCases.TC_LoginDDT_002"/>
  <testcase name="LoginDDT" time="11.385" classname="com.nopcommerce.testCases.TC_LoginDDT_002"/>
  <testcase name="LoginDDT" time="11.336" classname="com.nopcommerce.testCases.TC_LoginDDT_002"/>
  <testcase name="LoginDDT" time="11.41" classname="com.nopcommerce.testCases.TC_LoginDDT_002"/>
  <testcase name="AddCustomer" time="28.857" classname="com.nopcommerce.testCases.TC_AddCustomer_003"/>
</testsuite> <!-- ietest -->
