<?xml version="1.0" encoding="UTF-8"?>
<testng-results skipped="0" failed="0" ignored="0" total="2" passed="2">
  <reporter-output>
  </reporter-output>
  <suite name="nopcommercesuite" duration-ms="64780" started-at="2020-03-15T16:08:39 EDT" finished-at="2020-03-15T16:09:43 EDT">
    <groups>
    </groups>
    <test name="chrometest" duration-ms="64780" started-at="2020-03-15T16:08:39 EDT" finished-at="2020-03-15T16:09:43 EDT">
      <class name="com.nopcommerce.testCases.TC_LoginTest_001">
        <test-method status="PASS" signature="setup(java.lang.String)[pri:0, instance:com.nopcommerce.testCases.TC_LoginTest_001@5c671d7f]" name="setup" is-config="true" duration-ms="8744" started-at="2020-03-15T16:08:39 EDT" finished-at="2020-03-15T16:08:47 EDT">
          <params>
            <param index="0">
              <value>
                <![CDATA[chrome]]>
              </value>
            </param>
          </params>
          <reporter-output>
          </reporter-output>
        </test-method> <!-- setup -->
        <test-method status="PASS" signature="LoginTest()[pri:0, instance:com.nopcommerce.testCases.TC_LoginTest_001@5c671d7f]" name="LoginTest" duration-ms="11185" started-at="2020-03-15T16:08:47 EDT" finished-at="2020-03-15T16:08:59 EDT">
          <reporter-output>
          </reporter-output>
        </test-method> <!-- LoginTest -->
        <test-method status="PASS" signature="tearDown()[pri:0, instance:com.nopcommerce.testCases.TC_LoginTest_001@5c671d7f]" name="tearDown" is-config="true" duration-ms="713" started-at="2020-03-15T16:08:59 EDT" finished-at="2020-03-15T16:08:59 EDT">
          <reporter-output>
          </reporter-output>
        </test-method> <!-- tearDown -->
      </class> <!-- com.nopcommerce.testCases.TC_LoginTest_001 -->
      <class name="com.nopcommerce.testCases.TC_AddCustomer_003">
        <test-method status="PASS" signature="setup(java.lang.String)[pri:0, instance:com.nopcommerce.testCases.TC_AddCustomer_003@757277dc]" name="setup" is-config="true" duration-ms="9528" started-at="2020-03-15T16:08:59 EDT" finished-at="2020-03-15T16:09:09 EDT">
          <params>
            <param index="0">
              <value>
                <![CDATA[chrome]]>
              </value>
            </param>
          </params>
          <reporter-output>
          </reporter-output>
        </test-method> <!-- setup -->
        <test-method status="PASS" signature="AddCustomer()[pri:0, instance:com.nopcommerce.testCases.TC_AddCustomer_003@757277dc]" name="AddCustomer" duration-ms="33618" started-at="2020-03-15T16:09:09 EDT" finished-at="2020-03-15T16:09:43 EDT">
          <reporter-output>
          </reporter-output>
        </test-method> <!-- AddCustomer -->
        <test-method status="PASS" signature="tearDown()[pri:0, instance:com.nopcommerce.testCases.TC_AddCustomer_003@757277dc]" name="tearDown" is-config="true" duration-ms="770" started-at="2020-03-15T16:09:43 EDT" finished-at="2020-03-15T16:09:43 EDT">
          <reporter-output>
          </reporter-output>
        </test-method> <!-- tearDown -->
      </class> <!-- com.nopcommerce.testCases.TC_AddCustomer_003 -->
    </test> <!-- chrometest -->
  </suite> <!-- nopcommercesuite -->
</testng-results>
